0001_0006_0041_0048_0048.jpg 1 6 41 48 48
0002_0012_0022_0035_0035.jpg 1 12 22 35 35
0003_0022_0035_0059_0059.jpg 1 22 35 59 59
0004_0042_0026_0046_0046.jpg 1 42 26 46 46
0005_0017_0020_0061_0061.jpg 1 17 20 61 61
0006_0016_0020_0065_0065.jpg 1 16 20 65 65
0007_0033_0008_0046_0046.jpg 1 33 8 46 46
0008_0021_0032_0026_0026.jpg 1 21 32 26 26
0009_0023_0051_0039_0039.jpg 1 23 51 39 39
0010_0006_0027_0051_0051.jpg 1 6 27 51 51
0011_0022_0023_0069_0069.jpg 1 22 23 69 69
0012_0013_0008_0050_0050.jpg 1 13 8 50 50
0013_0029_0025_0043_0043.jpg 1 29 25 43 43
0014_0020_0010_0063_0063.jpg 1 20 10 63 63
0015_0023_0020_0044_0044.jpg 1 23 20 44 44
0016_0009_0013_0064_0064.jpg 1 9 13 64 64
0017_0025_0032_0044_0044.jpg 1 25 32 44 44
0018_0007_0016_0049_0049.jpg 1 7 16 49 49
0019_0028_0033_0060_0060.jpg 1 28 33 60 60
0020_0031_0028_0055_0055.jpg 1 31 28 55 55
0021_0010_0044_0045_0045.jpg 1 10 44 45 45
0022_0028_0011_0049_0049.jpg 1 28 11 49 49
0023_0007_0038_0049_0049.jpg 1 7 38 49 49
0024_0017_0043_0049_0049.jpg 1 17 43 49 49
0025_0036_0029_0055_0055.jpg 1 36 29 55 55
0026_0056_0058_0032_0032.jpg 1 56 58 32 32
0027_0025_0011_0046_0046.jpg 1 25 11 46 46
0028_0035_0036_0057_0057.jpg 1 35 36 57 57
0029_0015_0020_0036_0036.jpg 1 15 20 36 36
0030_0021_0011_0058_0058.jpg 1 21 11 58 58
0031_0029_0024_0030_0030.jpg 1 29 24 30 30
0032_0038_0062_0028_0028.jpg 1 38 62 28 28
0033_0016_0017_0056_0056.jpg 1 16 17 56 56
0034_0054_0053_0031_0031.jpg 1 54 53 31 31
0035_0039_0010_0031_0031.jpg 1 39 10 31 31
0036_0029_0011_0046_0046.jpg 1 29 11 46 46
0037_0011_0016_0061_0061.jpg 1 11 16 61 61
0038_0020_0057_0029_0029.jpg 1 20 57 29 29
0039_0045_0050_0033_0033.jpg 1 45 50 33 33
0040_0006_0053_0037_0037.jpg 1 6 53 37 37
0041_0037_0009_0056_0056.jpg 1 37 9 56 56
0042_0017_0010_0047_0047.jpg 1 17 10 47 47
0043_0007_0036_0044_0044.jpg 1 7 36 44 44
0044_0025_0013_0039_0039.jpg 1 25 13 39 39
0045_0029_0021_0042_0042.jpg 1 29 21 42 42
0046_0048_0019_0044_0044.jpg 1 48 19 44 44
0047_0016_0050_0028_0028.jpg 1 16 50 28 28
0048_0027_0016_0061_0061.jpg 1 27 16 61 61
0049_0021_0032_0055_0055.jpg 1 21 32 55 55
0050_0029_0039_0031_0031.jpg 1 29 39 31 31
0051_0013_0036_0054_0054.jpg 1 13 36 54 54
0052_0009_0022_0058_0058.jpg 1 9 22 58 58
0053_0052_0054_0039_0039.jpg 1 52 54 39 39
0054_0025_0030_0045_0045.jpg 1 25 30 45 45
0055_0035_0017_0045_0045.jpg 1 35 17 45 45
0056_0011_0020_0044_0044.jpg 1 11 20 44 44
0057_0021_0053_0040_0040.jpg 1 21 53 40 40
0058_0046_0061_0031_0031.jpg 1 46 61 31 31
0059_0035_0018_0052_0052.jpg 1 35 18 52 52
0060_0024_0024_0055_0055.jpg 1 24 24 55 55
0061_0007_0029_0037_0037.jpg 1 7 29 37 37
0062_0009_0027_0060_0060.jpg 1 9 27 60 60
0063_0031_0008_0054_0054.jpg 1 31 8 54 54
0064_0056_0038_0025_0025.jpg 1 56 38 25 25
0065_0043_0032_0048_0048.jpg 1 43 32 48 48
0066_0021_0030_0055_0055.jpg 1 21 30 55 55
0067_0020_0026_0055_0055.jpg 1 20 26 55 55
0068_0005_0017_0065_0065.jpg 1 5 17 65 65
0069_0028_0014_0035_0035.jpg 1 28 14 35 35
0070_0013_0004_0063_0063.jpg 1 13 4 63 63
0071_0041_0035_0048_0048.jpg 1 41 35 48 48
0072_0036_0031_0031_0031.jpg 1 36 31 31 31
0073_0060_0048_0030_0030.jpg 1 60 48 30 30
0074_0018_0005_0062_0062.jpg 1 18 5 62 62
0075_0055_0028_0031_0031.jpg 1 55 28 31 31
0076_0020_0019_0069_0069.jpg 1 20 19 69 69
0077_0024_0034_0029_0029.jpg 1 24 34 29 29
0078_0046_0040_0037_0037.jpg 1 46 40 37 37
0079_0010_0004_0061_0061.jpg 1 10 4 61 61
0080_0025_0040_0051_0051.jpg 1 25 40 51 51
0081_0045_0017_0039_0039.jpg 1 45 17 39 39
0082_0052_0049_0035_0035.jpg 1 52 49 35 35
0083_0009_0026_0046_0046.jpg 1 9 26 46 46
0084_0021_0021_0043_0043.jpg 1 21 21 43 43
0085_0060_0039_0032_0032.jpg 1 60 39 32 32
0086_0020_0011_0060_0060.jpg 1 20 11 60 60
0087_0024_0027_0043_0043.jpg 1 24 27 43 43
0088_0043_0018_0049_0049.jpg 1 43 18 49 49
0089_0010_0030_0049_0049.jpg 1 10 30 49 49
0090_0009_0026_0051_0051.jpg 1 9 26 51 51
0091_0010_0022_0058_0058.jpg 1 10 22 58 58
0092_0028_0020_0033_0033.jpg 1 28 20 33 33
0093_0007_0018_0048_0048.jpg 1 7 18 48 48
0094_0038_0020_0049_0049.jpg 1 38 20 49 49
0095_0040_0039_0044_0044.jpg 1 40 39 44 44
0096_0024_0012_0064_0064.jpg 1 24 12 64 64
0097_0015_0055_0036_0036.jpg 1 15 55 36 36
0098_0009_0046_0025_0025.jpg 1 9 46 25 25
0099_0010_0020_0059_0059.jpg 1 10 20 59 59
0100_0026_0028_0062_0062.jpg 1 26 28 62 62
0101_0009_0028_0063_0063.jpg 1 9 28 63 63
0102_0024_0007_0042_0042.jpg 1 24 7 42 42
0103_0057_0049_0034_0034.jpg 1 57 49 34 34
0104_0010_0020_0047_0047.jpg 1 10 20 47 47
0105_0018_0033_0057_0057.jpg 1 18 33 57 57
0106_0009_0009_0042_0042.jpg 1 9 9 42 42
0107_0011_0056_0026_0026.jpg 1 11 56 26 26
0108_0059_0024_0028_0028.jpg 1 59 24 28 28
0109_0022_0043_0041_0041.jpg 1 22 43 41 41
0110_0019_0005_0067_0067.jpg 1 19 5 67 67
0111_0044_0037_0040_0040.jpg 1 44 37 40 40
0112_0033_0035_0055_0055.jpg 1 33 35 55 55
0113_0034_0040_0047_0047.jpg 1 34 40 47 47
0114_0007_0021_0060_0060.jpg 1 7 21 60 60
0115_0020_0008_0064_0064.jpg 1 20 8 64 64
0116_0014_0028_0042_0042.jpg 1 14 28 42 42
0117_0011_0029_0040_0040.jpg 1 11 29 40 40
0118_0009_0026_0067_0067.jpg 1 9 26 67 67
0119_0030_0054_0033_0033.jpg 1 30 54 33 33
0120_0044_0013_0045_0045.jpg 1 44 13 45 45
0121_0023_0005_0067_0067.jpg 1 23 5 67 67
0122_0024_0018_0065_0065.jpg 1 24 18 65 65
0123_0036_0038_0054_0054.jpg 1 36 38 54 54
0124_0009_0025_0050_0050.jpg 1 9 25 50 50
0125_0033_0012_0057_0057.jpg 1 33 12 57 57
0126_0022_0039_0027_0027.jpg 1 22 39 27 27
0127_0041_0049_0040_0040.jpg 1 41 49 40 40
0128_0031_0017_0049_0049.jpg 1 31 17 49 49
0129_0034_0019_0033_0033.jpg 1 34 19 33 33
0130_0037_0023_0038_0038.jpg 1 37 23 38 38
0131_0021_0037_0041_0041.jpg 1 21 37 41 41
0132_0042_0064_0027_0027.jpg 1 42 64 27 27
0133_0014_0055_0025_0025.jpg 1 14 55 25 25
0134_0020_0017_0069_0069.jpg 1 20 17 69 69
0135_0010_0025_0062_0062.jpg 1 10 25 62 62
0136_0041_0039_0050_0050.jpg 1 41 39 50 50
0137_0050_0022_0042_0042.jpg 1 50 22 42 42
0138_0034_0019_0058_0058.jpg 1 34 19 58 58
0139_0008_0022_0052_0052.jpg 1 8 22 52 52
0140_0047_0041_0038_0038.jpg 1 47 41 38 38
0141_0022_0012_0061_0061.jpg 1 22 12 61 61
0142_0007_0028_0039_0039.jpg 1 7 28 39 39
0143_0013_0059_0026_0026.jpg 1 13 59 26 26
0144_0026_0006_0041_0041.jpg 1 26 6 41 41
0145_0005_0006_0054_0054.jpg 1 5 6 54 54
0146_0047_0013_0047_0047.jpg 1 47 13 47 47
0147_0004_0009_0069_0069.jpg 1 4 9 69 69
0148_0014_0013_0066_0066.jpg 1 14 13 66 66
0149_0012_0007_0066_0066.jpg 1 12 7 66 66
0150_0027_0024_0068_0068.jpg 1 27 24 68 68
0151_0045_0013_0047_0047.jpg 1 45 13 47 47
0152_0017_0031_0025_0025.jpg 1 17 31 25 25
0153_0028_0033_0061_0061.jpg 1 28 33 61 61
0154_0031_0009_0059_0059.jpg 1 31 9 59 59
0155_0021_0023_0034_0034.jpg 1 21 23 34 34
0156_0025_0015_0069_0069.jpg 1 25 15 69 69
0157_0040_0043_0035_0035.jpg 1 40 43 35 35
0158_0031_0031_0044_0044.jpg 1 31 31 44 44
0159_0022_0016_0027_0027.jpg 1 22 16 27 27
0160_0052_0051_0039_0039.jpg 1 52 51 39 39
0161_0025_0013_0068_0068.jpg 1 25 13 68 68
0162_0027_0025_0065_0065.jpg 1 27 25 65 65
0163_0025_0014_0067_0067.jpg 1 25 14 67 67
0164_0031_0032_0054_0054.jpg 1 31 32 54 54
0165_0058_0057_0025_0025.jpg 1 58 57 25 25
0166_0020_0005_0065_0065.jpg 1 20 5 65 65
0167_0010_0018_0038_0038.jpg 1 10 18 38 38
0168_0006_0013_0055_0055.jpg 1 6 13 55 55
0169_0031_0031_0038_0038.jpg 1 31 31 38 38
0170_0010_0025_0059_0059.jpg 1 10 25 59 59
0171_0032_0031_0043_0043.jpg 1 32 31 43 43
0172_0014_0011_0067_0067.jpg 1 14 11 67 67
0173_0018_0022_0042_0042.jpg 1 18 22 42 42
0174_0018_0038_0033_0033.jpg 1 18 38 33 33
0175_0007_0027_0059_0059.jpg 1 7 27 59 59
0176_0053_0028_0031_0031.jpg 1 53 28 31 31
0177_0030_0012_0059_0059.jpg 1 30 12 59 59
0178_0044_0031_0028_0028.jpg 1 44 31 28 28
0179_0008_0032_0041_0041.jpg 1 8 32 41 41
0180_0049_0008_0040_0040.jpg 1 49 8 40 40
0181_0047_0048_0039_0039.jpg 1 47 48 39 39
0182_0039_0021_0052_0052.jpg 1 39 21 52 52
0183_0009_0024_0059_0059.jpg 1 9 24 59 59
0184_0024_0028_0050_0050.jpg 1 24 28 50 50
0185_0026_0036_0050_0050.jpg 1 26 36 50 50
0186_0038_0043_0036_0036.jpg 1 38 43 36 36
0187_0025_0058_0028_0028.jpg 1 25 58 28 28
0188_0015_0011_0068_0068.jpg 1 15 11 68 68
0189_0054_0024_0030_0030.jpg 1 54 24 30 30
0190_0031_0060_0026_0026.jpg 1 31 60 26 26
0191_0012_0045_0043_0043.jpg 1 12 45 43 43
0192_0013_0024_0026_0026.jpg 1 13 24 26 26
0193_0008_0037_0047_0047.jpg 1 8 37 47 47
0194_0042_0029_0050_0050.jpg 1 42 29 50 50
0195_0018_0061_0027_0027.jpg 1 18 61 27 27
0196_0061_0040_0029_0029.jpg 1 61 40 29 29
0197_0040_0040_0055_0055.jpg 1 40 40 55 55
0198_0025_0029_0064_0064.jpg 1 25 29 64 64
0199_0039_0043_0039_0039.jpg 1 39 43 39 39
0200_0004_0025_0066_0066.jpg 1 4 25 66 66
0201_0028_0021_0067_0067.jpg 1 28 21 67 67
0202_0020_0032_0055_0055.jpg 1 20 32 55 55
0203_0024_0052_0036_0036.jpg 1 24 52 36 36
0204_0052_0028_0025_0025.jpg 1 52 28 25 25
0205_0042_0033_0045_0045.jpg 1 42 33 45 45
0206_0041_0034_0047_0047.jpg 1 41 34 47 47
0207_0051_0038_0024_0024.jpg 1 51 38 24 24
0208_0013_0052_0027_0027.jpg 1 13 52 27 27
0209_0043_0045_0049_0049.jpg 1 43 45 49 49
0210_0034_0039_0054_0054.jpg 1 34 39 54 54
0211_0021_0027_0054_0054.jpg 1 21 27 54 54
0212_0037_0026_0042_0042.jpg 1 37 26 42 42
0213_0010_0019_0058_0058.jpg 1 10 19 58 58
0214_0026_0009_0065_0065.jpg 1 26 9 65 65
0215_0032_0037_0025_0025.jpg 1 32 37 25 25
0216_0042_0012_0048_0048.jpg 1 42 12 48 48
0217_0014_0026_0054_0054.jpg 1 14 26 54 54
0218_0015_0025_0059_0059.jpg 1 15 25 59 59
0219_0043_0032_0035_0035.jpg 1 43 32 35 35
0220_0022_0010_0063_0063.jpg 1 22 10 63 63
0221_0005_0018_0046_0046.jpg 1 5 18 46 46
0222_0030_0038_0037_0037.jpg 1 30 38 37 37
0223_0027_0008_0066_0066.jpg 1 27 8 66 66
0224_0006_0036_0044_0044.jpg 1 6 36 44 44
0225_0030_0038_0033_0033.jpg 1 30 38 33 33
0226_0006_0017_0046_0046.jpg 1 6 17 46 46
0227_0039_0030_0032_0032.jpg 1 39 30 32 32
0228_0044_0049_0038_0038.jpg 1 44 49 38 38
0229_0016_0015_0066_0066.jpg 1 16 15 66 66
0230_0017_0048_0039_0039.jpg 1 17 48 39 39
0231_0010_0031_0055_0055.jpg 1 10 31 55 55
0232_0019_0033_0040_0040.jpg 1 19 33 40 40
0233_0006_0019_0069_0069.jpg 1 6 19 69 69
0234_0025_0041_0052_0052.jpg 1 25 41 52 52
0235_0027_0026_0056_0056.jpg 1 27 26 56 56
0236_0019_0049_0040_0040.jpg 1 19 49 40 40
0237_0030_0035_0050_0050.jpg 1 30 35 50 50
0238_0062_0036_0026_0026.jpg 1 62 36 26 26
0239_0043_0032_0045_0045.jpg 1 43 32 45 45
0240_0028_0031_0064_0064.jpg 1 28 31 64 64
0241_0032_0020_0047_0047.jpg 1 32 20 47 47
0242_0029_0041_0053_0053.jpg 1 29 41 53 53
0243_0007_0043_0045_0045.jpg 1 7 43 45 45
0244_0030_0011_0053_0053.jpg 1 30 11 53 53
0245_0029_0015_0057_0057.jpg 1 29 15 57 57
0246_0037_0008_0051_0051.jpg 1 37 8 51 51
0247_0019_0016_0064_0064.jpg 1 19 16 64 64
0248_0014_0014_0059_0059.jpg 1 14 14 59 59
0249_0020_0023_0069_0069.jpg 1 20 23 69 69
0250_0014_0034_0044_0044.jpg 1 14 34 44 44
0251_0035_0058_0029_0029.jpg 1 35 58 29 29
0252_0019_0031_0061_0061.jpg 1 19 31 61 61
0253_0058_0023_0034_0034.jpg 1 58 23 34 34
0254_0027_0018_0059_0059.jpg 1 27 18 59 59
0255_0004_0004_0069_0069.jpg 1 4 4 69 69
0256_0026_0020_0026_0026.jpg 1 26 20 26 26
0257_0031_0009_0041_0041.jpg 1 31 9 41 41
0258_0029_0013_0048_0048.jpg 1 29 13 48 48
0259_0040_0022_0029_0029.jpg 1 40 22 29 29
0260_0009_0026_0041_0041.jpg 1 9 26 41 41
0261_0008_0015_0052_0052.jpg 1 8 15 52 52
0262_0043_0020_0030_0030.jpg 1 43 20 30 30
0263_0042_0006_0052_0052.jpg 1 42 6 52 52
0264_0021_0023_0051_0051.jpg 1 21 23 51 51
0265_0015_0005_0067_0067.jpg 1 15 5 67 67
0266_0025_0010_0059_0059.jpg 1 25 10 59 59
0267_0020_0052_0035_0035.jpg 1 20 52 35 35
0268_0018_0021_0025_0025.jpg 1 18 21 25 25
0269_0028_0030_0056_0056.jpg 1 28 30 56 56
0270_0009_0026_0044_0044.jpg 1 9 26 44 44
0271_0023_0010_0032_0032.jpg 1 23 10 32 32
0272_0006_0007_0065_0065.jpg 1 6 7 65 65
0273_0027_0026_0061_0061.jpg 1 27 26 61 61
0274_0020_0013_0041_0041.jpg 1 20 13 41 41
0275_0005_0010_0054_0054.jpg 1 5 10 54 54
0276_0027_0048_0024_0024.jpg 1 27 48 24 24
0277_0031_0042_0031_0031.jpg 1 31 42 31 31
0278_0029_0009_0065_0065.jpg 1 29 9 65 65
0279_0015_0030_0054_0054.jpg 1 15 30 54 54
0280_0031_0039_0045_0045.jpg 1 31 39 45 45
0281_0022_0021_0052_0052.jpg 1 22 21 52 52
0282_0028_0007_0053_0053.jpg 1 28 7 53 53
0283_0041_0026_0033_0033.jpg 1 41 26 33 33
0284_0029_0018_0066_0066.jpg 1 29 18 66 66
0285_0025_0039_0044_0044.jpg 1 25 39 44 44
0286_0026_0032_0061_0061.jpg 1 26 32 61 61
0287_0010_0026_0066_0066.jpg 1 10 26 66 66
0288_0013_0027_0047_0047.jpg 1 13 27 47 47
0289_0013_0006_0049_0049.jpg 1 13 6 49 49
0290_0022_0005_0056_0056.jpg 1 22 5 56 56
0291_0031_0022_0038_0038.jpg 1 31 22 38 38
0292_0038_0015_0052_0052.jpg 1 38 15 52 52
0293_0027_0012_0060_0060.jpg 1 27 12 60 60
0294_0007_0020_0064_0064.jpg 1 7 20 64 64
0295_0053_0018_0030_0030.jpg 1 53 18 30 30
0296_0034_0046_0036_0036.jpg 1 34 46 36 36
0297_0015_0029_0059_0059.jpg 1 15 29 59 59
0298_0025_0031_0036_0036.jpg 1 25 31 36 36
0299_0012_0017_0051_0051.jpg 1 12 17 51 51
0300_0024_0013_0067_0067.jpg 1 24 13 67 67
0301_0049_0038_0045_0045.jpg 1 49 38 45 45
0302_0009_0050_0039_0039.jpg 1 9 50 39 39
0303_0053_0015_0028_0028.jpg 1 53 15 28 28
0304_0013_0059_0028_0028.jpg 1 13 59 28 28
0305_0018_0027_0064_0064.jpg 1 18 27 64 64
0306_0009_0039_0028_0028.jpg 1 9 39 28 28
0307_0017_0024_0034_0034.jpg 1 17 24 34 34
0308_0007_0023_0043_0043.jpg 1 7 23 43 43
0309_0042_0008_0043_0043.jpg 1 42 8 43 43
0310_0037_0019_0035_0035.jpg 1 37 19 35 35
0311_0008_0009_0066_0066.jpg 1 8 9 66 66
0312_0031_0005_0045_0045.jpg 1 31 5 45 45
0313_0058_0035_0024_0024.jpg 1 58 35 24 24
0314_0030_0020_0034_0034.jpg 1 30 20 34 34
0315_0037_0025_0056_0056.jpg 1 37 25 56 56
0316_0032_0045_0025_0025.jpg 1 32 45 25 25
0317_0004_0024_0067_0067.jpg 1 4 24 67 67
0318_0011_0034_0059_0059.jpg 1 11 34 59 59
0319_0022_0034_0048_0048.jpg 1 22 34 48 48
0320_0039_0048_0024_0024.jpg 1 39 48 24 24
0321_0018_0046_0046_0046.jpg 1 18 46 46 46
0322_0034_0047_0045_0045.jpg 1 34 47 45 45
0323_0010_0023_0066_0066.jpg 1 10 23 66 66
0324_0015_0018_0056_0056.jpg 1 15 18 56 56
0325_0023_0004_0057_0057.jpg 1 23 4 57 57
0326_0050_0010_0037_0037.jpg 1 50 10 37 37
0327_0024_0021_0046_0046.jpg 1 24 21 46 46
0328_0014_0029_0058_0058.jpg 1 14 29 58 58
0329_0036_0012_0053_0053.jpg 1 36 12 53 53
0330_0012_0034_0040_0040.jpg 1 12 34 40 40
0331_0004_0023_0064_0064.jpg 1 4 23 64 64
0332_0014_0042_0038_0038.jpg 1 14 42 38 38
0333_0039_0017_0033_0033.jpg 1 39 17 33 33
0334_0034_0028_0040_0040.jpg 1 34 28 40 40
0335_0042_0012_0048_0048.jpg 1 42 12 48 48
0336_0015_0035_0054_0054.jpg 1 15 35 54 54
0337_0023_0032_0029_0029.jpg 1 23 32 29 29
0338_0029_0017_0050_0050.jpg 1 29 17 50 50
0339_0020_0025_0061_0061.jpg 1 20 25 61 61
0340_0032_0057_0030_0030.jpg 1 32 57 30 30
0341_0034_0006_0054_0054.jpg 1 34 6 54 54
0342_0007_0007_0051_0051.jpg 1 7 7 51 51
0343_0020_0009_0067_0067.jpg 1 20 9 67 67
0344_0057_0054_0033_0033.jpg 1 57 54 33 33
0345_0008_0022_0052_0052.jpg 1 8 22 52 52
0346_0010_0039_0027_0027.jpg 1 10 39 27 27
0347_0018_0011_0068_0068.jpg 1 18 11 68 68
0348_0032_0024_0055_0055.jpg 1 32 24 55 55
0349_0015_0039_0024_0024.jpg 1 15 39 24 24
0350_0030_0012_0035_0035.jpg 1 30 12 35 35
0351_0007_0018_0063_0063.jpg 1 7 18 63 63
0352_0021_0007_0067_0067.jpg 1 21 7 67 67
0353_0026_0035_0060_0060.jpg 1 26 35 60 60
0354_0010_0042_0025_0025.jpg 1 10 42 25 25
0355_0008_0031_0056_0056.jpg 1 8 31 56 56
0356_0023_0033_0055_0055.jpg 1 23 33 55 55
0357_0008_0046_0033_0033.jpg 1 8 46 33 33
0358_0011_0041_0049_0049.jpg 1 11 41 49 49
0359_0010_0009_0066_0066.jpg 1 10 9 66 66
0360_0008_0032_0048_0048.jpg 1 8 32 48 48
0361_0031_0029_0031_0031.jpg 1 31 29 31 31
0362_0057_0054_0024_0024.jpg 1 57 54 24 24
0363_0035_0035_0046_0046.jpg 1 35 35 46 46
0364_0032_0006_0031_0031.jpg 1 32 6 31 31
0365_0012_0059_0026_0026.jpg 1 12 59 26 26
0366_0049_0045_0029_0029.jpg 1 49 45 29 29
0367_0018_0028_0061_0061.jpg 1 18 28 61 61
0368_0006_0028_0043_0043.jpg 1 6 28 43 43
0369_0024_0027_0042_0042.jpg 1 24 27 42 42
0370_0033_0036_0055_0055.jpg 1 33 36 55 55
0371_0010_0037_0047_0047.jpg 1 10 37 47 47
0372_0029_0054_0026_0026.jpg 1 29 54 26 26
0373_0015_0014_0054_0054.jpg 1 15 14 54 54
0374_0014_0052_0038_0038.jpg 1 14 52 38 38
0375_0041_0012_0051_0051.jpg 1 41 12 51 51
0376_0054_0044_0033_0033.jpg 1 54 44 33 33
0377_0033_0048_0042_0042.jpg 1 33 48 42 42
0378_0013_0019_0034_0034.jpg 1 13 19 34 34
0379_0024_0024_0059_0059.jpg 1 24 24 59 59
0380_0027_0028_0047_0047.jpg 1 27 28 47 47
0381_0024_0046_0031_0031.jpg 1 24 46 31 31
0382_0032_0011_0046_0046.jpg 1 32 11 46 46
0383_0040_0016_0046_0046.jpg 1 40 16 46 46
0384_0008_0016_0065_0065.jpg 1 8 16 65 65
0385_0034_0021_0029_0029.jpg 1 34 21 29 29
0386_0021_0027_0066_0066.jpg 1 21 27 66 66
0387_0027_0016_0054_0054.jpg 1 27 16 54 54
0388_0021_0009_0046_0046.jpg 1 21 9 46 46
0389_0020_0029_0050_0050.jpg 1 20 29 50 50
0390_0030_0008_0063_0063.jpg 1 30 8 63 63
0391_0034_0005_0049_0049.jpg 1 34 5 49 49
0392_0033_0009_0042_0042.jpg 1 33 9 42 42
0393_0062_0040_0027_0027.jpg 1 62 40 27 27
0394_0034_0032_0030_0030.jpg 1 34 32 30 30
0395_0024_0014_0058_0058.jpg 1 24 14 58 58
0396_0058_0012_0028_0028.jpg 1 58 12 28 28
0397_0013_0032_0059_0059.jpg 1 13 32 59 59
0398_0017_0051_0038_0038.jpg 1 17 51 38 38
0399_0016_0012_0065_0065.jpg 1 16 12 65 65
0400_0034_0065_0025_0025.jpg 1 34 65 25 25
0401_0031_0035_0055_0055.jpg 1 31 35 55 55
0402_0038_0025_0053_0053.jpg 1 38 25 53 53
0403_0012_0016_0049_0049.jpg 1 12 16 49 49
0404_0030_0048_0037_0037.jpg 1 30 48 37 37
0405_0026_0005_0067_0067.jpg 1 26 5 67 67
0406_0011_0007_0041_0041.jpg 1 11 7 41 41
0407_0025_0017_0069_0069.jpg 1 25 17 69 69
0408_0025_0028_0060_0060.jpg 1 25 28 60 60
0409_0046_0033_0044_0044.jpg 1 46 33 44 44
0410_0030_0026_0060_0060.jpg 1 30 26 60 60
0411_0035_0039_0043_0043.jpg 1 35 39 43 43
0412_0018_0019_0059_0059.jpg 1 18 19 59 59
0413_0053_0058_0029_0029.jpg 1 53 58 29 29
0414_0014_0014_0052_0052.jpg 1 14 14 52 52
0415_0004_0027_0067_0067.jpg 1 4 27 67 67
0416_0033_0017_0043_0043.jpg 1 33 17 43 43
0417_0033_0026_0038_0038.jpg 1 33 26 38 38
0418_0028_0038_0033_0033.jpg 1 28 38 33 33
0419_0031_0037_0046_0046.jpg 1 31 37 46 46
0420_0044_0011_0032_0032.jpg 1 44 11 32 32
0421_0044_0010_0046_0046.jpg 1 44 10 46 46
0422_0020_0025_0062_0062.jpg 1 20 25 62 62
0423_0014_0010_0062_0062.jpg 1 14 10 62 62
0424_0025_0034_0039_0039.jpg 1 25 34 39 39
0425_0063_0047_0025_0025.jpg 1 63 47 25 25
0426_0025_0037_0057_0057.jpg 1 25 37 57 57
0427_0025_0025_0068_0068.jpg 1 25 25 68 68
0428_0029_0004_0060_0060.jpg 1 29 4 60 60
0429_0007_0039_0048_0048.jpg 1 7 39 48 48
0430_0046_0019_0044_0044.jpg 1 46 19 44 44
0431_0047_0048_0038_0038.jpg 1 47 48 38 38
0432_0007_0019_0053_0053.jpg 1 7 19 53 53
0433_0026_0018_0065_0065.jpg 1 26 18 65 65
0434_0014_0035_0033_0033.jpg 1 14 35 33 33
0435_0018_0010_0068_0068.jpg 1 18 10 68 68
0436_0041_0021_0040_0040.jpg 1 41 21 40 40
0437_0007_0052_0041_0041.jpg 1 7 52 41 41
0438_0026_0029_0044_0044.jpg 1 26 29 44 44
0439_0033_0040_0055_0055.jpg 1 33 40 55 55
0440_0037_0037_0026_0026.jpg 1 37 37 26 26
0441_0012_0015_0063_0063.jpg 1 12 15 63 63
0442_0040_0032_0035_0035.jpg 1 40 32 35 35
0443_0010_0014_0025_0025.jpg 1 10 14 25 25
0444_0016_0016_0045_0045.jpg 1 16 16 45 45
0445_0014_0005_0043_0043.jpg 1 14 5 43 43
0446_0006_0033_0055_0055.jpg 1 6 33 55 55
0447_0049_0060_0025_0025.jpg 1 49 60 25 25
0448_0010_0025_0069_0069.jpg 1 10 25 69 69
0449_0047_0048_0028_0028.jpg 1 47 48 28 28
0450_0003_0015_0062_0062.jpg 1 3 15 62 62
0451_0010_0015_0048_0048.jpg 1 10 15 48 48
0452_0036_0032_0045_0045.jpg 1 36 32 45 45
0453_0016_0009_0060_0060.jpg 1 16 9 60 60
0454_0040_0028_0045_0045.jpg 1 40 28 45 45
0455_0027_0006_0036_0036.jpg 1 27 6 36 36
0456_0027_0053_0036_0036.jpg 1 27 53 36 36
0457_0009_0032_0054_0054.jpg 1 9 32 54 54
0458_0040_0025_0050_0050.jpg 1 40 25 50 50
0459_0040_0025_0045_0045.jpg 1 40 25 45 45
0460_0025_0008_0057_0057.jpg 1 25 8 57 57
0461_0021_0020_0036_0036.jpg 1 21 20 36 36
0462_0034_0009_0054_0054.jpg 1 34 9 54 54
0463_0031_0018_0045_0045.jpg 1 31 18 45 45
0464_0004_0015_0064_0064.jpg 1 4 15 64 64
0465_0017_0010_0060_0060.jpg 1 17 10 60 60
0466_0016_0053_0040_0040.jpg 1 16 53 40 40
0467_0046_0058_0031_0031.jpg 1 46 58 31 31
0468_0043_0035_0038_0038.jpg 1 43 35 38 38
0469_0004_0017_0058_0058.jpg 1 4 17 58 58
0470_0052_0025_0029_0029.jpg 1 52 25 29 29
0471_0010_0013_0064_0064.jpg 1 10 13 64 64
0472_0032_0011_0045_0045.jpg 1 32 11 45 45
0473_0022_0033_0035_0035.jpg 1 22 33 35 35
0474_0009_0011_0059_0059.jpg 1 9 11 59 59
0475_0011_0034_0048_0048.jpg 1 11 34 48 48
0476_0022_0033_0061_0061.jpg 1 22 33 61 61
0477_0057_0054_0028_0028.jpg 1 57 54 28 28
0478_0048_0017_0030_0030.jpg 1 48 17 30 30
0479_0023_0032_0060_0060.jpg 1 23 32 60 60
0480_0032_0009_0059_0059.jpg 1 32 9 59 59
0481_0018_0022_0051_0051.jpg 1 18 22 51 51
0482_0022_0018_0068_0068.jpg 1 22 18 68 68
0483_0029_0004_0061_0061.jpg 1 29 4 61 61
0484_0033_0046_0035_0035.jpg 1 33 46 35 35
0485_0016_0006_0067_0067.jpg 1 16 6 67 67
0486_0031_0044_0045_0045.jpg 1 31 44 45 45
0487_0008_0005_0061_0061.jpg 1 8 5 61 61
0488_0033_0019_0050_0050.jpg 1 33 19 50 50
0489_0044_0038_0044_0044.jpg 1 44 38 44 44
0490_0009_0028_0059_0059.jpg 1 9 28 59 59
0491_0009_0041_0053_0053.jpg 1 9 41 53 53
0492_0027_0020_0033_0033.jpg 1 27 20 33 33
0493_0030_0050_0034_0034.jpg 1 30 50 34 34
0494_0023_0004_0068_0068.jpg 1 23 4 68 68
0495_0028_0049_0038_0038.jpg 1 28 49 38 38
0496_0026_0023_0026_0026.jpg 1 26 23 26 26
0497_0026_0030_0064_0064.jpg 1 26 30 64 64
0498_0031_0017_0046_0046.jpg 1 31 17 46 46
0499_0049_0008_0026_0026.jpg 1 49 8 26 26
0500_0012_0025_0065_0065.jpg 1 12 25 65 65
0501_0046_0039_0035_0035.jpg 1 46 39 35 35
0502_0017_0022_0026_0026.jpg 1 17 22 26 26
0503_0017_0021_0032_0032.jpg 1 17 21 32 32
0504_0018_0033_0029_0029.jpg 1 18 33 29 29
0505_0045_0023_0043_0043.jpg 1 45 23 43 43
0506_0045_0039_0048_0048.jpg 1 45 39 48 48
0507_0016_0040_0035_0035.jpg 1 16 40 35 35
0508_0024_0025_0053_0053.jpg 1 24 25 53 53
0509_0023_0033_0055_0055.jpg 1 23 33 55 55
0510_0003_0022_0065_0065.jpg 1 3 22 65 65
0511_0034_0025_0060_0060.jpg 1 34 25 60 60
0512_0042_0039_0030_0030.jpg 1 42 39 30 30
0513_0028_0021_0064_0064.jpg 1 28 21 64 64
0514_0031_0024_0053_0053.jpg 1 31 24 53 53
0515_0014_0048_0029_0029.jpg 1 14 48 29 29
0516_0032_0032_0052_0052.jpg 1 32 32 52 52
0517_0022_0026_0066_0066.jpg 1 22 26 66 66
0518_0023_0030_0029_0029.jpg 1 23 30 29 29
0519_0037_0036_0045_0045.jpg 1 37 36 45 45
0520_0021_0010_0062_0062.jpg 1 21 10 62 62
0521_0035_0029_0034_0034.jpg 1 35 29 34 34
0522_0025_0043_0050_0050.jpg 1 25 43 50 50
0523_0021_0026_0026_0026.jpg 1 21 26 26 26
0524_0037_0018_0038_0038.jpg 1 37 18 38 38
0525_0022_0023_0061_0061.jpg 1 22 23 61 61
0526_0022_0038_0043_0043.jpg 1 22 38 43 43
0527_0022_0008_0068_0068.jpg 1 22 8 68 68
0528_0038_0030_0045_0045.jpg 1 38 30 45 45
0529_0022_0032_0041_0041.jpg 1 22 32 41 41
0530_0052_0008_0029_0029.jpg 1 52 8 29 29
0531_0042_0011_0036_0036.jpg 1 42 11 36 36
0532_0011_0037_0047_0047.jpg 1 11 37 47 47
0533_0015_0038_0044_0044.jpg 1 15 38 44 44
0534_0041_0037_0041_0041.jpg 1 41 37 41 41
0535_0045_0033_0027_0027.jpg 1 45 33 27 27
0536_0029_0054_0030_0030.jpg 1 29 54 30 30
0537_0037_0043_0043_0043.jpg 1 37 43 43 43
0538_0027_0017_0069_0069.jpg 1 27 17 69 69
0539_0036_0021_0047_0047.jpg 1 36 21 47 47
0540_0008_0020_0061_0061.jpg 1 8 20 61 61
0541_0051_0024_0026_0026.jpg 1 51 24 26 26
0542_0015_0035_0040_0040.jpg 1 15 35 40 40
0543_0027_0007_0041_0041.jpg 1 27 7 41 41
0544_0033_0031_0048_0048.jpg 1 33 31 48 48
0545_0007_0010_0033_0033.jpg 1 7 10 33 33
0546_0028_0009_0068_0068.jpg 1 28 9 68 68
0547_0011_0039_0044_0044.jpg 1 11 39 44 44
0548_0017_0029_0061_0061.jpg 1 17 29 61 61
0549_0018_0040_0033_0033.jpg 1 18 40 33 33
0550_0007_0017_0057_0057.jpg 1 7 17 57 57
0551_0020_0020_0069_0069.jpg 1 20 20 69 69
0552_0039_0023_0046_0046.jpg 1 39 23 46 46
0553_0010_0005_0061_0061.jpg 1 10 5 61 61
0554_0007_0017_0054_0054.jpg 1 7 17 54 54
0555_0051_0032_0033_0033.jpg 1 51 32 33 33
0556_0049_0014_0037_0037.jpg 1 49 14 37 37
0557_0046_0015_0033_0033.jpg 1 46 15 33 33
0558_0027_0013_0055_0055.jpg 1 27 13 55 55
0559_0029_0037_0058_0058.jpg 1 29 37 58 58
0560_0057_0041_0033_0033.jpg 1 57 41 33 33
0561_0033_0050_0027_0027.jpg 1 33 50 27 27
0562_0005_0015_0044_0044.jpg 1 5 15 44 44
0563_0017_0019_0053_0053.jpg 1 17 19 53 53
0564_0033_0024_0055_0055.jpg 1 33 24 55 55
0565_0043_0019_0041_0041.jpg 1 43 19 41 41
0566_0022_0014_0036_0036.jpg 1 22 14 36 36
0567_0058_0018_0030_0030.jpg 1 58 18 30 30
0568_0022_0018_0033_0033.jpg 1 22 18 33 33
0569_0035_0030_0051_0051.jpg 1 35 30 51 51
0570_0013_0030_0065_0065.jpg 1 13 30 65 65
0571_0009_0016_0064_0064.jpg 1 9 16 64 64
0572_0030_0011_0032_0032.jpg 1 30 11 32 32
0573_0005_0028_0046_0046.jpg 1 5 28 46 46
0574_0035_0015_0043_0043.jpg 1 35 15 43 43
0575_0021_0027_0065_0065.jpg 1 21 27 65 65
0576_0023_0017_0045_0045.jpg 1 23 17 45 45
0577_0007_0012_0033_0033.jpg 1 7 12 33 33
0578_0016_0045_0028_0028.jpg 1 16 45 28 28
0579_0036_0033_0045_0045.jpg 1 36 33 45 45
0580_0013_0016_0051_0051.jpg 1 13 16 51 51
0581_0033_0032_0035_0035.jpg 1 33 32 35 35
0582_0030_0030_0061_0061.jpg 1 30 30 61 61
0583_0044_0006_0038_0038.jpg 1 44 6 38 38
0584_0004_0005_0067_0067.jpg 1 4 5 67 67
0585_0014_0037_0034_0034.jpg 1 14 37 34 34
0586_0032_0054_0025_0025.jpg 1 32 54 25 25
0587_0028_0009_0055_0055.jpg 1 28 9 55 55
0588_0009_0016_0043_0043.jpg 1 9 16 43 43
0589_0041_0009_0030_0030.jpg 1 41 9 30 30
0590_0034_0028_0035_0035.jpg 1 34 28 35 35
0591_0014_0014_0054_0054.jpg 1 14 14 54 54
0592_0014_0024_0052_0052.jpg 1 14 24 52 52
0593_0006_0015_0052_0052.jpg 1 6 15 52 52
0594_0006_0031_0052_0052.jpg 1 6 31 52 52
0595_0051_0048_0025_0025.jpg 1 51 48 25 25
0596_0007_0044_0048_0048.jpg 1 7 44 48 48
0597_0039_0018_0055_0055.jpg 1 39 18 55 55
0598_0048_0049_0045_0045.jpg 1 48 49 45 45
0599_0016_0028_0059_0059.jpg 1 16 28 59 59
0600_0028_0011_0053_0053.jpg 1 28 11 53 53
0601_0039_0040_0024_0024.jpg 1 39 40 24 24
0602_0018_0042_0030_0030.jpg 1 18 42 30 30
0603_0012_0040_0051_0051.jpg 1 12 40 51 51
0604_0017_0009_0056_0056.jpg 1 17 9 56 56
0605_0018_0028_0058_0058.jpg 1 18 28 58 58
0606_0035_0030_0059_0059.jpg 1 35 30 59 59
0607_0008_0004_0069_0069.jpg 1 8 4 69 69
0608_0038_0015_0056_0056.jpg 1 38 15 56 56
0609_0028_0029_0052_0052.jpg 1 28 29 52 52
0610_0012_0017_0054_0054.jpg 1 12 17 54 54
0611_0021_0046_0034_0034.jpg 1 21 46 34 34
0612_0025_0021_0024_0024.jpg 1 25 21 24 24
0613_0006_0019_0069_0069.jpg 1 6 19 69 69
0614_0005_0022_0068_0068.jpg 1 5 22 68 68
0615_0037_0033_0029_0029.jpg 1 37 33 29 29
0616_0006_0013_0059_0059.jpg 1 6 13 59 59
0617_0022_0012_0052_0052.jpg 1 22 12 52 52
0618_0044_0012_0049_0049.jpg 1 44 12 49 49
0619_0012_0030_0040_0040.jpg 1 12 30 40 40
0620_0016_0046_0038_0038.jpg 1 16 46 38 38
0621_0010_0042_0038_0038.jpg 1 10 42 38 38
0622_0034_0005_0057_0057.jpg 1 34 5 57 57
0623_0056_0024_0025_0025.jpg 1 56 24 25 25
0624_0052_0038_0039_0039.jpg 1 52 38 39 39
0625_0061_0031_0028_0028.jpg 1 61 31 28 28
0626_0017_0044_0042_0042.jpg 1 17 44 42 42
0627_0014_0033_0036_0036.jpg 1 14 33 36 36
0628_0020_0015_0057_0057.jpg 1 20 15 57 57
0629_0018_0018_0059_0059.jpg 1 18 18 59 59
0630_0045_0061_0031_0031.jpg 1 45 61 31 31
0631_0009_0049_0025_0025.jpg 1 9 49 25 25
0632_0033_0031_0057_0057.jpg 1 33 31 57 57
0633_0039_0041_0040_0040.jpg 1 39 41 40 40
0634_0027_0034_0044_0044.jpg 1 27 34 44 44
0635_0022_0028_0060_0060.jpg 1 22 28 60 60
0636_0014_0020_0067_0067.jpg 1 14 20 67 67
0637_0013_0030_0054_0054.jpg 1 13 30 54 54
0638_0005_0028_0068_0068.jpg 1 5 28 68 68
0639_0059_0044_0034_0034.jpg 1 59 44 34 34
0640_0057_0014_0034_0034.jpg 1 57 14 34 34
0641_0018_0024_0062_0062.jpg 1 18 24 62 62
0642_0020_0020_0066_0066.jpg 1 20 20 66 66
0643_0020_0007_0066_0066.jpg 1 20 7 66 66
0644_0027_0016_0065_0065.jpg 1 27 16 65 65
0645_0008_0019_0065_0065.jpg 1 8 19 65 65
0646_0031_0030_0049_0049.jpg 1 31 30 49 49
0647_0012_0037_0049_0049.jpg 1 12 37 49 49
0648_0030_0006_0040_0040.jpg 1 30 6 40 40
0649_0026_0021_0058_0058.jpg 1 26 21 58 58
0650_0019_0018_0035_0035.jpg 1 19 18 35 35
0651_0040_0037_0051_0051.jpg 1 40 37 51 51
0652_0045_0052_0039_0039.jpg 1 45 52 39 39
0653_0018_0041_0043_0043.jpg 1 18 41 43 43
0654_0037_0021_0037_0037.jpg 1 37 21 37 37
0655_0042_0011_0049_0049.jpg 1 42 11 49 49
0656_0035_0023_0046_0046.jpg 1 35 23 46 46
0657_0031_0009_0064_0064.jpg 1 31 9 64 64
0658_0039_0042_0048_0048.jpg 1 39 42 48 48
0659_0031_0039_0034_0034.jpg 1 31 39 34 34
0660_0032_0047_0024_0024.jpg 1 32 47 24 24
0661_0039_0039_0055_0055.jpg 1 39 39 55 55
0662_0007_0035_0039_0039.jpg 1 7 35 39 39
0663_0007_0021_0061_0061.jpg 1 7 21 61 61
0664_0043_0018_0034_0034.jpg 1 43 18 34 34
0665_0015_0024_0056_0056.jpg 1 15 24 56 56
0666_0044_0047_0025_0025.jpg 1 44 47 25 25
0667_0019_0040_0049_0049.jpg 1 19 40 49 49
0668_0021_0031_0058_0058.jpg 1 21 31 58 58
0669_0026_0028_0042_0042.jpg 1 26 28 42 42
0670_0043_0027_0040_0040.jpg 1 43 27 40 40
0671_0015_0012_0060_0060.jpg 1 15 12 60 60
0672_0021_0056_0029_0029.jpg 1 21 56 29 29
0673_0014_0022_0056_0056.jpg 1 14 22 56 56
0674_0040_0054_0035_0035.jpg 1 40 54 35 35
0675_0020_0007_0036_0036.jpg 1 20 7 36 36
0676_0008_0018_0024_0024.jpg 1 8 18 24 24
0677_0033_0018_0042_0042.jpg 1 33 18 42 42
0678_0011_0058_0029_0029.jpg 1 11 58 29 29
0679_0040_0045_0043_0043.jpg 1 40 45 43 43
0680_0044_0047_0028_0028.jpg 1 44 47 28 28
0681_0010_0050_0040_0040.jpg 1 10 50 40 40
0682_0014_0029_0041_0041.jpg 1 14 29 41 41
0683_0026_0042_0034_0034.jpg 1 26 42 34 34
0684_0058_0045_0026_0026.jpg 1 58 45 26 26
0685_0011_0011_0053_0053.jpg 1 11 11 53 53
0686_0043_0034_0030_0030.jpg 1 43 34 30 30
0687_0039_0022_0055_0055.jpg 1 39 22 55 55
0688_0008_0033_0027_0027.jpg 1 8 33 27 27
0689_0062_0045_0027_0027.jpg 1 62 45 27 27
0690_0012_0036_0042_0042.jpg 1 12 36 42 42
0691_0027_0043_0034_0034.jpg 1 27 43 34 34
0692_0019_0041_0046_0046.jpg 1 19 41 46 46
0693_0008_0033_0056_0056.jpg 1 8 33 56 56
0694_0009_0012_0034_0034.jpg 1 9 12 34 34
0695_0022_0035_0045_0045.jpg 1 22 35 45 45
0696_0039_0035_0046_0046.jpg 1 39 35 46 46
0697_0004_0015_0057_0057.jpg 1 4 15 57 57
0698_0036_0042_0040_0040.jpg 1 36 42 40 40
0699_0033_0047_0035_0035.jpg 1 33 47 35 35
0700_0021_0038_0034_0034.jpg 1 21 38 34 34
0701_0035_0018_0054_0054.jpg 1 35 18 54 54
0702_0034_0021_0047_0047.jpg 1 34 21 47 47
0703_0027_0033_0030_0030.jpg 1 27 33 30 30
0704_0031_0040_0049_0049.jpg 1 31 40 49 49
0705_0023_0020_0059_0059.jpg 1 23 20 59 59
0706_0037_0031_0058_0058.jpg 1 37 31 58 58
0707_0011_0005_0053_0053.jpg 1 11 5 53 53
0708_0007_0009_0062_0062.jpg 1 7 9 62 62
0709_0022_0033_0050_0050.jpg 1 22 33 50 50
0710_0007_0030_0066_0066.jpg 1 7 30 66 66
0711_0051_0035_0035_0035.jpg 1 51 35 35 35
0712_0055_0056_0035_0035.jpg 1 55 56 35 35
0713_0023_0020_0056_0056.jpg 1 23 20 56 56
0714_0031_0032_0061_0061.jpg 1 31 32 61 61
0715_0026_0014_0061_0061.jpg 1 26 14 61 61
0716_0020_0013_0058_0058.jpg 1 20 13 58 58
0717_0020_0010_0025_0025.jpg 1 20 10 25 25
0718_0019_0020_0066_0066.jpg 1 19 20 66 66
0719_0044_0061_0027_0027.jpg 1 44 61 27 27
0720_0017_0013_0067_0067.jpg 1 17 13 67 67
0721_0006_0007_0069_0069.jpg 1 6 7 69 69
0722_0011_0018_0065_0065.jpg 1 11 18 65 65
0723_0032_0011_0047_0047.jpg 1 32 11 47 47
0724_0023_0020_0066_0066.jpg 1 23 20 66 66
0725_0045_0060_0030_0030.jpg 1 45 60 30 30
0726_0034_0028_0043_0043.jpg 1 34 28 43 43
0727_0017_0029_0065_0065.jpg 1 17 29 65 65
0728_0037_0044_0044_0044.jpg 1 37 44 44 44
0729_0029_0028_0047_0047.jpg 1 29 28 47 47
0730_0007_0007_0069_0069.jpg 1 7 7 69 69
0731_0040_0008_0031_0031.jpg 1 40 8 31 31
0732_0019_0039_0050_0050.jpg 1 19 39 50 50
0733_0045_0044_0026_0026.jpg 1 45 44 26 26
0734_0017_0008_0027_0027.jpg 1 17 8 27 27
0735_0034_0039_0045_0045.jpg 1 34 39 45 45
0736_0015_0027_0066_0066.jpg 1 15 27 66 66
0737_0031_0046_0031_0031.jpg 1 31 46 31 31
0738_0037_0010_0026_0026.jpg 1 37 10 26 26
0739_0009_0037_0052_0052.jpg 1 9 37 52 52
0740_0030_0056_0035_0035.jpg 1 30 56 35 35
0741_0020_0030_0051_0051.jpg 1 20 30 51 51
0742_0059_0043_0025_0025.jpg 1 59 43 25 25
0743_0015_0027_0048_0048.jpg 1 15 27 48 48
0744_0033_0037_0038_0038.jpg 1 33 37 38 38
0745_0043_0016_0032_0032.jpg 1 43 16 32 32
0746_0048_0043_0042_0042.jpg 1 48 43 42 42
0747_0028_0024_0068_0068.jpg 1 28 24 68 68
0748_0006_0028_0048_0048.jpg 1 6 28 48 48
0749_0047_0008_0039_0039.jpg 1 47 8 39 39
0750_0031_0027_0035_0035.jpg 1 31 27 35 35
0751_0028_0007_0047_0047.jpg 1 28 7 47 47
0752_0021_0028_0066_0066.jpg 1 21 28 66 66
0753_0034_0031_0045_0045.jpg 1 34 31 45 45
0754_0038_0040_0055_0055.jpg 1 38 40 55 55
0755_0014_0004_0062_0062.jpg 1 14 4 62 62
0756_0026_0029_0063_0063.jpg 1 26 29 63 63
0757_0007_0028_0046_0046.jpg 1 7 28 46 46
0758_0031_0058_0028_0028.jpg 1 31 58 28 28
0759_0057_0042_0033_0033.jpg 1 57 42 33 33
0760_0006_0034_0058_0058.jpg 1 6 34 58 58
0761_0012_0028_0068_0068.jpg 1 12 28 68 68
0762_0041_0028_0050_0050.jpg 1 41 28 50 50
0763_0043_0006_0047_0047.jpg 1 43 6 47 47
0764_0018_0051_0030_0030.jpg 1 18 51 30 30
0765_0028_0014_0050_0050.jpg 1 28 14 50 50
0766_0015_0009_0032_0032.jpg 1 15 9 32 32
0767_0056_0028_0031_0031.jpg 1 56 28 31 31
0768_0026_0023_0066_0066.jpg 1 26 23 66 66
0769_0028_0013_0031_0031.jpg 1 28 13 31 31
0770_0051_0055_0029_0029.jpg 1 51 55 29 29
0771_0057_0035_0033_0033.jpg 1 57 35 33 33
0772_0042_0022_0052_0052.jpg 1 42 22 52 52
0773_0006_0026_0068_0068.jpg 1 6 26 68 68
0774_0034_0022_0051_0051.jpg 1 34 22 51 51
0775_0006_0032_0049_0049.jpg 1 6 32 49 49
0776_0017_0004_0069_0069.jpg 1 17 4 69 69
0777_0023_0032_0056_0056.jpg 1 23 32 56 56
0778_0022_0009_0062_0062.jpg 1 22 9 62 62
0779_0037_0044_0044_0044.jpg 1 37 44 44 44
0780_0016_0014_0055_0055.jpg 1 16 14 55 55
0781_0012_0008_0068_0068.jpg 1 12 8 68 68
0782_0008_0041_0042_0042.jpg 1 8 41 42 42
0783_0066_0060_0024_0024.jpg 1 66 60 24 24
0784_0015_0013_0061_0061.jpg 1 15 13 61 61
0785_0035_0026_0039_0039.jpg 1 35 26 39 39
0786_0011_0024_0043_0043.jpg 1 11 24 43 43
0787_0014_0036_0057_0057.jpg 1 14 36 57 57
0788_0014_0016_0061_0061.jpg 1 14 16 61 61
0789_0042_0009_0030_0030.jpg 1 42 9 30 30
0790_0027_0010_0055_0055.jpg 1 27 10 55 55
0791_0046_0022_0042_0042.jpg 1 46 22 42 42
0792_0020_0039_0051_0051.jpg 1 20 39 51 51
0793_0014_0027_0066_0066.jpg 1 14 27 66 66
0794_0033_0012_0061_0061.jpg 1 33 12 61 61
0795_0003_0007_0067_0067.jpg 1 3 7 67 67
0796_0019_0026_0037_0037.jpg 1 19 26 37 37
0797_0039_0010_0034_0034.jpg 1 39 10 34 34
0798_0034_0018_0043_0043.jpg 1 34 18 43 43
0799_0025_0048_0045_0045.jpg 1 25 48 45 45
0800_0017_0015_0069_0069.jpg 1 17 15 69 69
0801_0017_0045_0025_0025.jpg 1 17 45 25 25
0802_0019_0017_0043_0043.jpg 1 19 17 43 43
0803_0038_0020_0033_0033.jpg 1 38 20 33 33
0804_0008_0009_0043_0043.jpg 1 8 9 43 43
0805_0007_0020_0036_0036.jpg 1 7 20 36 36
0806_0044_0028_0049_0049.jpg 1 44 28 49 49
0807_0062_0026_0024_0024.jpg 1 62 26 24 24
0808_0006_0026_0059_0059.jpg 1 6 26 59 59
0809_0017_0054_0039_0039.jpg 1 17 54 39 39
0810_0034_0040_0031_0031.jpg 1 34 40 31 31
0811_0023_0024_0064_0064.jpg 1 23 24 64 64
0812_0017_0010_0057_0057.jpg 1 17 10 57 57
0813_0008_0018_0060_0060.jpg 1 8 18 60 60
0814_0051_0057_0032_0032.jpg 1 51 57 32 32
0815_0015_0043_0045_0045.jpg 1 15 43 45 45
0816_0040_0066_0024_0024.jpg 1 40 66 24 24
0817_0049_0009_0036_0036.jpg 1 49 9 36 36
0818_0028_0020_0038_0038.jpg 1 28 20 38 38
0819_0025_0028_0066_0066.jpg 1 25 28 66 66
0820_0052_0046_0024_0024.jpg 1 52 46 24 24
0821_0004_0005_0064_0064.jpg 1 4 5 64 64
0822_0038_0014_0031_0031.jpg 1 38 14 31 31
0823_0015_0029_0063_0063.jpg 1 15 29 63 63
0824_0032_0009_0042_0042.jpg 1 32 9 42 42
0825_0045_0029_0033_0033.jpg 1 45 29 33 33
0826_0026_0005_0066_0066.jpg 1 26 5 66 66
0827_0042_0025_0044_0044.jpg 1 42 25 44 44
0828_0034_0020_0034_0034.jpg 1 34 20 34 34
0829_0006_0015_0048_0048.jpg 1 6 15 48 48
0830_0032_0051_0038_0038.jpg 1 32 51 38 38
0831_0014_0005_0063_0063.jpg 1 14 5 63 63
0832_0005_0017_0064_0064.jpg 1 5 17 64 64
0833_0017_0012_0053_0053.jpg 1 17 12 53 53
0834_0022_0016_0032_0032.jpg 1 22 16 32 32
0835_0015_0011_0059_0059.jpg 1 15 11 59 59
0836_0034_0038_0032_0032.jpg 1 34 38 32 32
0837_0042_0026_0053_0053.jpg 1 42 26 53 53
0838_0008_0005_0045_0045.jpg 1 8 5 45 45
0839_0048_0009_0032_0032.jpg 1 48 9 32 32
0840_0008_0036_0039_0039.jpg 1 8 36 39 39
0841_0007_0040_0037_0037.jpg 1 7 40 37 37
0842_0020_0027_0042_0042.jpg 1 20 27 42 42
0843_0013_0054_0032_0032.jpg 1 13 54 32 32
0844_0047_0041_0029_0029.jpg 1 47 41 29 29
0845_0053_0046_0040_0040.jpg 1 53 46 40 40
0846_0026_0012_0026_0026.jpg 1 26 12 26 26
0847_0010_0036_0040_0040.jpg 1 10 36 40 40
0848_0032_0006_0054_0054.jpg 1 32 6 54 54
0849_0020_0037_0032_0032.jpg 1 20 37 32 32
0850_0028_0028_0067_0067.jpg 1 28 28 67 67
0851_0033_0022_0040_0040.jpg 1 33 22 40 40
0852_0029_0013_0050_0050.jpg 1 29 13 50 50
0853_0015_0049_0029_0029.jpg 1 15 49 29 29
0854_0021_0033_0062_0062.jpg 1 21 33 62 62
0855_0026_0030_0032_0032.jpg 1 26 30 32 32
0856_0033_0011_0051_0051.jpg 1 33 11 51 51
0857_0033_0013_0041_0041.jpg 1 33 13 41 41
0858_0009_0028_0052_0052.jpg 1 9 28 52 52
0859_0007_0018_0044_0044.jpg 1 7 18 44 44
0860_0007_0013_0063_0063.jpg 1 7 13 63 63
0861_0031_0038_0054_0054.jpg 1 31 38 54 54
0862_0029_0035_0060_0060.jpg 1 29 35 60 60
0863_0042_0023_0034_0034.jpg 1 42 23 34 34
0864_0010_0027_0049_0049.jpg 1 10 27 49 49
0865_0022_0005_0061_0061.jpg 1 22 5 61 61
0866_0038_0035_0038_0038.jpg 1 38 35 38 38
0867_0014_0008_0064_0064.jpg 1 14 8 64 64
0868_0019_0033_0059_0059.jpg 1 19 33 59 59
0869_0018_0009_0048_0048.jpg 1 18 9 48 48
0870_0036_0024_0042_0042.jpg 1 36 24 42 42
0871_0024_0029_0058_0058.jpg 1 24 29 58 58
0872_0021_0016_0025_0025.jpg 1 21 16 25 25
0873_0021_0024_0060_0060.jpg 1 21 24 60 60
0874_0049_0037_0038_0038.jpg 1 49 37 38 38
0875_0017_0010_0062_0062.jpg 1 17 10 62 62
0876_0042_0024_0051_0051.jpg 1 42 24 51 51
0877_0065_0051_0027_0027.jpg 1 65 51 27 27
0878_0049_0015_0031_0031.jpg 1 49 15 31 31
0879_0041_0032_0031_0031.jpg 1 41 32 31 31
0880_0054_0028_0029_0029.jpg 1 54 28 29 29
0881_0026_0037_0056_0056.jpg 1 26 37 56 56
0882_0023_0026_0025_0025.jpg 1 23 26 25 25
0883_0013_0058_0034_0034.jpg 1 13 58 34 34
0884_0006_0014_0061_0061.jpg 1 6 14 61 61
0885_0022_0013_0057_0057.jpg 1 22 13 57 57
0886_0026_0030_0063_0063.jpg 1 26 30 63 63
0887_0047_0010_0039_0039.jpg 1 47 10 39 39
0888_0046_0027_0042_0042.jpg 1 46 27 42 42
0889_0031_0006_0053_0053.jpg 1 31 6 53 53
0890_0028_0029_0061_0061.jpg 1 28 29 61 61
0891_0036_0009_0047_0047.jpg 1 36 9 47 47
0892_0013_0034_0039_0039.jpg 1 13 34 39 39
0893_0035_0024_0049_0049.jpg 1 35 24 49 49
0894_0017_0021_0058_0058.jpg 1 17 21 58 58
0895_0022_0035_0036_0036.jpg 1 22 35 36 36
0896_0014_0022_0063_0063.jpg 1 14 22 63 63
0897_0024_0006_0048_0048.jpg 1 24 6 48 48
0898_0052_0034_0036_0036.jpg 1 52 34 36 36
0899_0056_0028_0037_0037.jpg 1 56 28 37 37
0900_0035_0041_0049_0049.jpg 1 35 41 49 49
0901_0012_0007_0066_0066.jpg 1 12 7 66 66
0902_0037_0022_0050_0050.jpg 1 37 22 50 50
0903_0052_0059_0026_0026.jpg 1 52 59 26 26
0904_0016_0034_0049_0049.jpg 1 16 34 49 49
0905_0043_0051_0030_0030.jpg 1 43 51 30 30
0906_0041_0044_0043_0043.jpg 1 41 44 43 43
0907_0049_0043_0043_0043.jpg 1 49 43 43 43
0908_0036_0035_0026_0026.jpg 1 36 35 26 26
0909_0023_0022_0053_0053.jpg 1 23 22 53 53
0910_0009_0024_0069_0069.jpg 1 9 24 69 69
0911_0018_0024_0037_0037.jpg 1 18 24 37 37
0912_0017_0026_0053_0053.jpg 1 17 26 53 53
0913_0037_0060_0031_0031.jpg 1 37 60 31 31
0914_0022_0016_0057_0057.jpg 1 22 16 57 57
0915_0023_0011_0064_0064.jpg 1 23 11 64 64
0916_0026_0019_0050_0050.jpg 1 26 19 50 50
0917_0016_0014_0060_0060.jpg 1 16 14 60 60
0918_0030_0012_0056_0056.jpg 1 30 12 56 56
0919_0012_0026_0064_0064.jpg 1 12 26 64 64
0920_0017_0028_0048_0048.jpg 1 17 28 48 48
0921_0051_0029_0038_0038.jpg 1 51 29 38 38
0922_0022_0032_0056_0056.jpg 1 22 32 56 56
0923_0010_0034_0025_0025.jpg 1 10 34 25 25
0924_0035_0043_0025_0025.jpg 1 35 43 25 25
0925_0019_0013_0065_0065.jpg 1 19 13 65 65
0926_0024_0018_0066_0066.jpg 1 24 18 66 66
0927_0030_0044_0028_0028.jpg 1 30 44 28 28
0928_0027_0037_0039_0039.jpg 1 27 37 39 39
0929_0026_0004_0069_0069.jpg 1 26 4 69 69
0930_0027_0023_0049_0049.jpg 1 27 23 49 49
0931_0053_0008_0039_0039.jpg 1 53 8 39 39
0932_0024_0031_0061_0061.jpg 1 24 31 61 61
0933_0020_0029_0063_0063.jpg 1 20 29 63 63
0934_0039_0013_0053_0053.jpg 1 39 13 53 53
0935_0014_0006_0053_0053.jpg 1 14 6 53 53
0936_0049_0046_0026_0026.jpg 1 49 46 26 26
0937_0027_0032_0058_0058.jpg 1 27 32 58 58
0938_0024_0008_0068_0068.jpg 1 24 8 68 68
0939_0037_0013_0053_0053.jpg 1 37 13 53 53
0940_0034_0027_0051_0051.jpg 1 34 27 51 51
0941_0015_0024_0037_0037.jpg 1 15 24 37 37
0942_0009_0031_0064_0064.jpg 1 9 31 64 64
0943_0027_0004_0066_0066.jpg 1 27 4 66 66
0944_0027_0046_0029_0029.jpg 1 27 46 29 29
0945_0019_0051_0038_0038.jpg 1 19 51 38 38
0946_0018_0036_0046_0046.jpg 1 18 36 46 46
0947_0007_0017_0055_0055.jpg 1 7 17 55 55
0948_0031_0007_0064_0064.jpg 1 31 7 64 64
0949_0039_0029_0050_0050.jpg 1 39 29 50 50
0950_0038_0034_0050_0050.jpg 1 38 34 50 50
0951_0004_0014_0061_0061.jpg 1 4 14 61 61
0952_0020_0009_0036_0036.jpg 1 20 9 36 36
0953_0043_0040_0051_0051.jpg 1 43 40 51 51
0954_0020_0044_0027_0027.jpg 1 20 44 27 27
0955_0019_0009_0058_0058.jpg 1 19 9 58 58
0956_0047_0046_0043_0043.jpg 1 47 46 43 43
0957_0023_0031_0057_0057.jpg 1 23 31 57 57
0958_0058_0061_0032_0032.jpg 1 58 61 32 32
0959_0032_0015_0041_0041.jpg 1 32 15 41 41
0960_0041_0059_0028_0028.jpg 1 41 59 28 28
0961_0046_0016_0048_0048.jpg 1 46 16 48 48
0962_0049_0051_0032_0032.jpg 1 49 51 32 32
0963_0044_0017_0045_0045.jpg 1 44 17 45 45
0964_0010_0017_0046_0046.jpg 1 10 17 46 46
0965_0010_0020_0061_0061.jpg 1 10 20 61 61
0966_0015_0036_0055_0055.jpg 1 15 36 55 55
0967_0035_0048_0029_0029.jpg 1 35 48 29 29
0968_0025_0036_0050_0050.jpg 1 25 36 50 50
0969_0026_0028_0063_0063.jpg 1 26 28 63 63
0970_0048_0025_0042_0042.jpg 1 48 25 42 42
0971_0008_0021_0069_0069.jpg 1 8 21 69 69
0972_0025_0029_0056_0056.jpg 1 25 29 56 56
0973_0027_0004_0065_0065.jpg 1 27 4 65 65
0974_0032_0014_0056_0056.jpg 1 32 14 56 56
0975_0047_0018_0045_0045.jpg 1 47 18 45 45
0976_0036_0011_0053_0053.jpg 1 36 11 53 53
0977_0037_0022_0051_0051.jpg 1 37 22 51 51
0978_0008_0020_0065_0065.jpg 1 8 20 65 65
0979_0027_0044_0039_0039.jpg 1 27 44 39 39
0980_0012_0010_0032_0032.jpg 1 12 10 32 32
0981_0037_0032_0031_0031.jpg 1 37 32 31 31
0982_0010_0015_0069_0069.jpg 1 10 15 69 69
0983_0030_0033_0047_0047.jpg 1 30 33 47 47
0984_0027_0018_0056_0056.jpg 1 27 18 56 56
0985_0024_0022_0061_0061.jpg 1 24 22 61 61
0986_0045_0011_0041_0041.jpg 1 45 11 41 41
0987_0032_0065_0024_0024.jpg 1 32 65 24 24
0988_0010_0017_0066_0066.jpg 1 10 17 66 66
0989_0047_0059_0031_0031.jpg 1 47 59 31 31
0990_0064_0028_0024_0024.jpg 1 64 28 24 24
0991_0017_0021_0047_0047.jpg 1 17 21 47 47
0992_0014_0062_0027_0027.jpg 1 14 62 27 27
0993_0058_0045_0028_0028.jpg 1 58 45 28 28
0994_0064_0019_0027_0027.jpg 1 64 19 27 27
0995_0012_0024_0026_0026.jpg 1 12 24 26 26
0996_0003_0015_0068_0068.jpg 1 3 15 68 68
0997_0008_0007_0058_0058.jpg 1 8 7 58 58
0998_0030_0037_0043_0043.jpg 1 30 37 43 43
0999_0046_0009_0028_0028.jpg 1 46 9 28 28
1000_0004_0019_0066_0066.jpg 1 4 19 66 66
1001_0010_0025_0043_0043.jpg 1 10 25 43 43
1002_0036_0021_0026_0026.jpg 1 36 21 26 26
1003_0019_0011_0069_0069.jpg 1 19 11 69 69
1004_0027_0021_0067_0067.jpg 1 27 21 67 67
1005_0056_0060_0025_0025.jpg 1 56 60 25 25
1006_0024_0028_0061_0061.jpg 1 24 28 61 61
1007_0041_0035_0038_0038.jpg 1 41 35 38 38
1008_0049_0039_0032_0032.jpg 1 49 39 32 32
1009_0053_0023_0032_0032.jpg 1 53 23 32 32
1010_0015_0008_0063_0063.jpg 1 15 8 63 63
1011_0016_0031_0054_0054.jpg 1 16 31 54 54
1012_0024_0035_0025_0025.jpg 1 24 35 25 25
1013_0053_0017_0026_0026.jpg 1 53 17 26 26
1014_0034_0043_0047_0047.jpg 1 34 43 47 47
1015_0017_0022_0056_0056.jpg 1 17 22 56 56
1016_0008_0033_0044_0044.jpg 1 8 33 44 44
1017_0060_0020_0032_0032.jpg 1 60 20 32 32
1018_0057_0009_0034_0034.jpg 1 57 9 34 34
1019_0015_0008_0038_0038.jpg 1 15 8 38 38
1020_0040_0012_0024_0024.jpg 1 40 12 24 24
1021_0042_0016_0030_0030.jpg 1 42 16 30 30
1022_0022_0031_0032_0032.jpg 1 22 31 32 32
1023_0016_0015_0062_0062.jpg 1 16 15 62 62
1024_0026_0010_0046_0046.jpg 1 26 10 46 46
1025_0017_0055_0027_0027.jpg 1 17 55 27 27
1026_0012_0024_0041_0041.jpg 1 12 24 41 41
1027_0033_0011_0061_0061.jpg 1 33 11 61 61
1028_0027_0011_0029_0029.jpg 1 27 11 29 29
1029_0016_0033_0063_0063.jpg 1 16 33 63 63
1030_0060_0064_0026_0026.jpg 1 60 64 26 26
1031_0056_0018_0027_0027.jpg 1 56 18 27 27
1032_0026_0017_0042_0042.jpg 1 26 17 42 42
1033_0011_0027_0031_0031.jpg 1 11 27 31 31
1034_0010_0039_0030_0030.jpg 1 10 39 30 30
1035_0047_0032_0030_0030.jpg 1 47 32 30 30
1036_0010_0016_0053_0053.jpg 1 10 16 53 53
1037_0018_0017_0065_0065.jpg 1 18 17 65 65
1038_0007_0004_0056_0056.jpg 1 7 4 56 56
1039_0024_0027_0064_0064.jpg 1 24 27 64 64
1040_0045_0008_0044_0044.jpg 1 45 8 44 44
1041_0056_0010_0029_0029.jpg 1 56 10 29 29
1042_0049_0050_0033_0033.jpg 1 49 50 33 33
1043_0028_0010_0032_0032.jpg 1 28 10 32 32
1044_0016_0026_0067_0067.jpg 1 16 26 67 67
1045_0025_0023_0065_0065.jpg 1 25 23 65 65
1046_0019_0005_0056_0056.jpg 1 19 5 56 56
1047_0026_0027_0027_0027.jpg 1 26 27 27 27
1048_0024_0007_0040_0040.jpg 1 24 7 40 40
1049_0010_0044_0036_0036.jpg 1 10 44 36 36
1050_0014_0052_0038_0038.jpg 1 14 52 38 38
1051_0048_0041_0041_0041.jpg 1 48 41 41 41
1052_0018_0044_0029_0029.jpg 1 18 44 29 29
1053_0039_0011_0045_0045.jpg 1 39 11 45 45
1054_0042_0018_0053_0053.jpg 1 42 18 53 53
1055_0029_0017_0028_0028.jpg 1 29 17 28 28
1056_0034_0021_0059_0059.jpg 1 34 21 59 59
1057_0039_0048_0037_0037.jpg 1 39 48 37 37
1058_0040_0018_0054_0054.jpg 1 40 18 54 54
1059_0029_0007_0046_0046.jpg 1 29 7 46 46
1060_0027_0023_0069_0069.jpg 1 27 23 69 69
1061_0033_0025_0055_0055.jpg 1 33 25 55 55
1062_0059_0017_0027_0027.jpg 1 59 17 27 27
1063_0009_0034_0032_0032.jpg 1 9 34 32 32
1064_0008_0024_0040_0040.jpg 1 8 24 40 40
1065_0026_0020_0036_0036.jpg 1 26 20 36 36
1066_0057_0047_0030_0030.jpg 1 57 47 30 30
1067_0032_0009_0057_0057.jpg 1 32 9 57 57
1068_0027_0026_0069_0069.jpg 1 27 26 69 69
1069_0030_0007_0062_0062.jpg 1 30 7 62 62
1070_0009_0013_0062_0062.jpg 1 9 13 62 62
1071_0034_0045_0038_0038.jpg 1 34 45 38 38
1072_0046_0035_0031_0031.jpg 1 46 35 31 31
1073_0006_0041_0053_0053.jpg 1 6 41 53 53
1074_0022_0058_0031_0031.jpg 1 22 58 31 31
1075_0029_0017_0065_0065.jpg 1 29 17 65 65
1076_0019_0032_0026_0026.jpg 1 19 32 26 26
1077_0030_0023_0035_0035.jpg 1 30 23 35 35
1078_0010_0023_0066_0066.jpg 1 10 23 66 66
1079_0016_0034_0047_0047.jpg 1 16 34 47 47
1080_0006_0017_0057_0057.jpg 1 6 17 57 57
1081_0040_0025_0038_0038.jpg 1 40 25 38 38
1082_0007_0054_0031_0031.jpg 1 7 54 31 31
1083_0011_0019_0053_0053.jpg 1 11 19 53 53
1084_0025_0016_0054_0054.jpg 1 25 16 54 54
1085_0012_0023_0024_0024.jpg 1 12 23 24 24
1086_0006_0022_0069_0069.jpg 1 6 22 69 69
1087_0063_0057_0026_0026.jpg 1 63 57 26 26
1088_0023_0011_0035_0035.jpg 1 23 11 35 35
1089_0052_0006_0036_0036.jpg 1 52 6 36 36
1090_0034_0007_0045_0045.jpg 1 34 7 45 45
1091_0029_0015_0065_0065.jpg 1 29 15 65 65
1092_0021_0023_0061_0061.jpg 1 21 23 61 61
1093_0035_0044_0025_0025.jpg 1 35 44 25 25
1094_0027_0023_0057_0057.jpg 1 27 23 57 57
1095_0032_0009_0062_0062.jpg 1 32 9 62 62
1096_0010_0019_0064_0064.jpg 1 10 19 64 64
1097_0031_0021_0057_0057.jpg 1 31 21 57 57
1098_0005_0012_0058_0058.jpg 1 5 12 58 58
1099_0039_0030_0049_0049.jpg 1 39 30 49 49
1100_0033_0017_0058_0058.jpg 1 33 17 58 58
